
  ___  ____  ____  ____  ____ (R)
 /__    /   ____/   /   ____/
___/   /   /___/   /   /___/   11.2   Copyright 1985-2009 StataCorp LP
  Statistics/Data Analysis            StataCorp
                                      4905 Lakeway Drive
     Special Edition                  College Station, Texas 77845 USA
                                      800-STATA-PC        http://www.stata.com
                                      979-696-4600        stata@stata.com
                                      979-696-4601 (fax)

10-student Stata lab perpetual license:
       Serial number:  40110544849
         Licensed to:  Salvatore Nistico
                       MacroLab

Notes:
      1.  (-m# option or -set memory-) 50.00 MB allocated to data
      2.  (-v# option or -set maxvar-) 5000 maximum variables
      3.  Command line editing disabled
      4.  Stata running in batch mode

. use Cig.dta 
(Written by R.              )
